<?xml version="1.0" encoding="UTF-8"?>
<!-- Generated by org.testng.reporters.JUnitXMLReporter -->
<testsuite ignored="0" hostname="Kritikas-MacBook-Air.local" failures="0" tests="4" name="Default test" time="4.065" errors="0" timestamp="2024-03-23T18:50:32 GMT">
  <testcase classname="api.test.UserTest" name="testPostUser" time="1.453"/>
  <testcase classname="api.test.UserTest" name="testGetUserByName" time="0.602"/>
  <testcase classname="api.test.UserTest" name="testUpdateUserByName" time="1.271"/>
  <testcase classname="api.test.UserTest" name="testDeleteUserByName" time="0.596"/>
</testsuite> <!-- Default test -->
